<?xml version='1.0' encoding='UTF-8'?>
<!DOCTYPE coverage SYSTEM 'http://cobertura.sourceforge.net/xml/coverage-04.dtd'>
<coverage line-rate="1.0" branch-rate="0.6486486486486487" lines-covered="26" lines-valid="26" branches-covered="48" branches-valid="74" complexity="0.0" timestamp="1620334322" version="gcovr 4.2">
  <sources>
    <source>/home/mikhail/Рабочий стол/Testing/task4/src</source>
  </sources>
  <packages>
    <package name="02-tree" line-rate="1.0" branch-rate="0.6486486486486487" complexity="0.0">
      <classes>
        <class name="Tree_cpp" filename="02-tree/Tree.cpp" line-rate="1.0" branch-rate="0.6486486486486487" complexity="0.0">
          <methods/>
          <lines>
            <line number="10" hits="4340" branch="false"/>
            <line number="11" hits="4340" branch="false"/>
            <line number="12" hits="4340" branch="true" condition-coverage="66% (4/6)">
              <conditions>
                <condition number="0" type="jump" coverage="66%"/>
              </conditions>
            </line>
            <line number="13" hits="214" branch="true" condition-coverage="50% (1/2)">
              <conditions>
                <condition number="0" type="jump" coverage="50%"/>
              </conditions>
            </line>
            <line number="16" hits="4126" branch="true" condition-coverage="66% (4/6)">
              <conditions>
                <condition number="0" type="jump" coverage="66%"/>
              </conditions>
            </line>
            <line number="17" hits="200" branch="true" condition-coverage="50% (1/2)">
              <conditions>
                <condition number="0" type="jump" coverage="50%"/>
              </conditions>
            </line>
            <line number="19" hits="3926" branch="true" condition-coverage="50% (3/6)">
              <conditions>
                <condition number="0" type="jump" coverage="50%"/>
              </conditions>
            </line>
            <line number="20" hits="3926" branch="false"/>
            <line number="21" hits="35182" branch="true" condition-coverage="57% (8/14)">
              <conditions>
                <condition number="0" type="jump" coverage="57%"/>
              </conditions>
            </line>
            <line number="22" hits="31256" branch="true" condition-coverage="75% (3/4)">
              <conditions>
                <condition number="0" type="jump" coverage="75%"/>
              </conditions>
            </line>
            <line number="23" hits="3519" branch="true" condition-coverage="50% (1/2)">
              <conditions>
                <condition number="0" type="jump" coverage="50%"/>
              </conditions>
            </line>
            <line number="24" hits="7038" branch="true" condition-coverage="50% (2/4)">
              <conditions>
                <condition number="0" type="jump" coverage="50%"/>
              </conditions>
            </line>
            <line number="27" hits="27737" branch="true" condition-coverage="100% (2/2)">
              <conditions>
                <condition number="0" type="jump" coverage="100%"/>
              </conditions>
            </line>
            <line number="28" hits="133" branch="false"/>
            <line number="30" hits="27604" branch="true" condition-coverage="50% (2/4)">
              <conditions>
                <condition number="0" type="jump" coverage="50%"/>
              </conditions>
            </line>
            <line number="31" hits="55208" branch="true" condition-coverage="50% (2/4)">
              <conditions>
                <condition number="0" type="jump" coverage="50%"/>
              </conditions>
            </line>
            <line number="35" hits="3926" branch="false"/>
            <line number="39" hits="640" branch="false"/>
            <line number="40" hits="640" branch="true" condition-coverage="100% (2/2)">
              <conditions>
                <condition number="0" type="jump" coverage="100%"/>
              </conditions>
            </line>
            <line number="41" hits="128" branch="false"/>
            <line number="44" hits="512" branch="true" condition-coverage="100% (2/2)">
              <conditions>
                <condition number="0" type="jump" coverage="100%"/>
              </conditions>
            </line>
            <line number="45" hits="256" branch="false"/>
            <line number="47" hits="1024" branch="true" condition-coverage="100% (2/2)">
              <conditions>
                <condition number="0" type="jump" coverage="100%"/>
              </conditions>
            </line>
            <line number="48" hits="512" branch="true" condition-coverage="50% (3/6)">
              <conditions>
                <condition number="0" type="jump" coverage="50%"/>
              </conditions>
            </line>
            <line number="52" hits="1773" branch="false"/>
            <line number="53" hits="1773" branch="true" condition-coverage="100% (6/6)">
              <conditions>
                <condition number="0" type="jump" coverage="100%"/>
              </conditions>
            </line>
          </lines>
        </class>
      </classes>
    </package>
  </packages>
</coverage>
